<?xml version="1.0" encoding="UTF-8"?>
<!-- Generated by org.testng.reporters.JUnitReportReporter -->
<testsuite hostname="DESKTOP-7EUDCAL" failures="0" tests="2" name="LoginTest" time="14.094" errors="0" timestamp="2025-10-28T07:15:38 IST" skipped="0">
  <testcase classname="LoginTest" name="validlogin" time="7.196"/>
  <system-out/>
  <testcase classname="LoginTest" name="invalidlogin" time="6.898"/>
  <system-out/>
</testsuite> <!-- LoginTest -->
