<?xml version="1.0" encoding="UTF-8"?>
<!-- Generated by org.testng.reporters.JUnitReportReporter -->
<testsuite hostname="DESKTOP-7EUDCAL" failures="0" tests="1" name="LogOutTest" time="9.392" errors="0" timestamp="2025-10-28T07:15:38 IST" skipped="0">
  <testcase classname="LogOutTest" name="logout" time="9.392"/>
  <system-out/>
</testsuite> <!-- LogOutTest -->
