<?xml version="1.0" encoding="UTF-8"?>
<!-- Generated by org.testng.reporters.JUnitReportReporter -->
<testsuite hostname="DESKTOP-7EUDCAL" failures="0" tests="1" name="AddToCartTest" time="8.323" errors="0" timestamp="2025-10-28T07:15:38 IST" skipped="0">
  <testcase classname="AddToCartTest" name="cart" time="8.323"/>
  <system-out/>
</testsuite> <!-- AddToCartTest -->
