<?xml version="1.0" encoding="UTF-8"?>
<!-- Generated by org.testng.reporters.JUnitReportReporter -->
<testsuite hostname="DESKTOP-7EUDCAL" failures="0" tests="2" name="testCases.LoginTest" time="7.443" errors="0" timestamp="2025-10-30T07:24:16 IST" skipped="0">
  <testcase classname="testCases.LoginTest" name="validLogin" time="4.214"/>
  <system-out/>
  <testcase classname="testCases.LoginTest" name="inValidLogin" time="3.229"/>
  <system-out/>
</testsuite> <!-- testCases.LoginTest -->
