<?xml version="1.0" encoding="UTF-8"?>
<!-- Generated by org.testng.reporters.JUnitReportReporter -->
<testsuite hostname="DESKTOP-7EUDCAL" failures="0" tests="3" name="testCases.HomeTest" time="32.682" errors="0" timestamp="2025-10-31T07:21:16 IST" skipped="0">
  <testcase classname="testCases.HomeTest" name="addtoCart" time="10.260"/>
  <system-out/>
  <testcase classname="testCases.HomeTest" name="removeFromCart" time="12.210"/>
  <system-out/>
  <testcase classname="testCases.HomeTest" name="filterSelection" time="10.212"/>
  <system-out/>
</testsuite> <!-- testCases.HomeTest -->
