<?xml version="1.0" encoding="UTF-8"?>
<!-- Generated by org.testng.reporters.JUnitReportReporter -->
<testsuite hostname="DESKTOP-7EUDCAL" failures="0" tests="2" name="testCases.LoginTest" time="17.304" errors="0" timestamp="2025-10-31T07:21:16 IST" skipped="0">
  <testcase classname="testCases.LoginTest" name="validLogin" time="8.264"/>
  <system-out/>
  <testcase classname="testCases.LoginTest" name="inValidLogin" time="9.040"/>
  <system-out/>
</testsuite> <!-- testCases.LoginTest -->
