<?xml version="1.0" encoding="UTF-8"?>
<!-- Generated by org.testng.reporters.JUnitReportReporter -->
<testsuite hostname="DESKTOP-7EUDCAL" failures="0" tests="5" name="PriorityEx" time="0.018" errors="0" timestamp="2025-10-25T06:58:42 IST" skipped="0">
  <testcase classname="PriorityEx" name="filter" time="0.012"/>
  <system-out/>
  <testcase classname="PriorityEx" name="login" time="0.002"/>
  <system-out/>
  <testcase classname="PriorityEx" name="addtocart" time="0.002"/>
  <system-out/>
  <testcase classname="PriorityEx" name="order" time="0.001"/>
  <system-out/>
  <testcase classname="PriorityEx" name="logout" time="0.001"/>
  <system-out/>
</testsuite> <!-- PriorityEx -->
