<?xml version="1.0" encoding="UTF-8"?>
<!-- Generated by org.testng.reporters.JUnitReportReporter -->
<testsuite hostname="DESKTOP-7EUDCAL" failures="0" tests="10" name="InvocationEx" time="0.030" errors="0" timestamp="2025-10-25T07:21:56 IST" skipped="0">
  <testcase classname="InvocationEx" name="method1" time="0.002"/>
  <system-out/>
  <testcase classname="InvocationEx" name="method1" time="0.001"/>
  <system-out/>
  <testcase classname="InvocationEx" name="method1" time="0.001"/>
  <system-out/>
  <testcase classname="InvocationEx" name="method1" time="0.001"/>
  <system-out/>
  <testcase classname="InvocationEx" name="method1" time="0.002"/>
  <system-out/>
  <testcase classname="InvocationEx" name="method1" time="0.002"/>
  <system-out/>
  <testcase classname="InvocationEx" name="method1" time="0.002"/>
  <system-out/>
  <testcase classname="InvocationEx" name="method1" time="0.002"/>
  <system-out/>
  <testcase classname="InvocationEx" name="method1" time="0.002"/>
  <system-out/>
  <testcase classname="InvocationEx" name="method1" time="0.015"/>
  <system-out/>
</testsuite> <!-- InvocationEx -->
