<?xml version="1.0" encoding="UTF-8"?>
<!-- Generated by org.testng.reporters.JUnitReportReporter -->
<testsuite hostname="DESKTOP-7EUDCAL" failures="0" tests="4" name="DataProviderEx" time="0.011" errors="0" timestamp="2025-10-25T07:33:54 IST" skipped="0">
  <testcase classname="DataProviderEx" name="method" time="0.008"/>
  <system-out/>
  <testcase classname="DataProviderEx" name="method" time="0.001"/>
  <system-out/>
  <testcase classname="DataProviderEx" name="method" time="0.001"/>
  <system-out/>
  <testcase classname="DataProviderEx" name="method" time="0.001"/>
  <system-out/>
</testsuite> <!-- DataProviderEx -->
