<?xml version="1.0" encoding="UTF-8"?>
<!-- Generated by org.testng.reporters.JUnitReportReporter -->
<testsuite hostname="DESKTOP-7EUDCAL" failures="0" tests="1" name="SauceTests.LoginTest" time="11.146" errors="0" timestamp="2025-10-25T07:30:53 IST" skipped="0">
  <testcase classname="SauceTests.LoginTest" name="login" time="11.146"/>
  <system-out/>
</testsuite> <!-- SauceTests.LoginTest -->
