<?xml version="1.0" encoding="UTF-8"?>
<!-- Generated by org.testng.reporters.JUnitReportReporter -->
<testsuite hostname="DESKTOP-7EUDCAL" failures="0" tests="1" name="SauceTests.AddToCart" time="7.833" errors="0" timestamp="2025-10-25T07:30:53 IST" skipped="0">
  <testcase classname="SauceTests.AddToCart" name="cart" time="7.833"/>
  <system-out/>
</testsuite> <!-- SauceTests.AddToCart -->
