<?xml version="1.0" encoding="UTF-8"?>
<!-- Generated by org.testng.reporters.JUnitReportReporter -->
<testsuite hostname="DESKTOP-7EUDCAL" failures="0" tests="2" name="SampleTest" time="0.014" errors="0" timestamp="2025-10-24T06:56:28 IST" skipped="0">
  <testcase classname="SampleTest" name="method1" time="0.012"/>
  <system-out/>
  <testcase classname="SampleTest" name="method2" time="0.002"/>
  <system-out/>
</testsuite> <!-- SampleTest -->
