<?xml version="1.0" encoding="UTF-8"?>
<!-- Generated by org.testng.reporters.JUnitReportReporter -->
<testsuite hostname="DESKTOP-7EUDCAL" failures="0" tests="1" name="AnnotationsEx" time="0.009" errors="0" timestamp="2025-10-24T07:17:06 IST" skipped="0">
  <testcase classname="AnnotationsEx" name="method1" time="0.009"/>
  <system-out/>
</testsuite> <!-- AnnotationsEx -->
