<?xml version="1.0" encoding="UTF-8"?>
<!-- Generated by org.testng.reporters.JUnitReportReporter -->
<testsuite hostname="DESKTOP-7EUDCAL" failures="0" tests="2" name="SauceTests" time="17.465" errors="0" timestamp="2025-10-24T07:02:43 IST" skipped="0">
  <testcase classname="SauceTests" name="validlogin" time="7.482"/>
  <system-out/>
  <testcase classname="SauceTests" name="invalidlogin" time="9.983"/>
  <system-out/>
</testsuite> <!-- SauceTests -->
